<?xml version="1.0" encoding="UTF-8"?>
<!-- Generated by org.testng.reporters.JUnitXMLReporter -->
<testsuite hostname="DESKTOP-OVK0PKC" tests="9" failures="0" timestamp="26 Nov 2018 03:57:11 GMT" time="60.596" errors="0">
  <testcase name="TC01_login_Success" time="21.376" classname="LoginTest"/>
  <testcase name="TC02_login_Incorrect_Phone" time="1.685" classname="LoginTest"/>
  <testcase name="TC03_login_Incorrect_Pass" time="0.751" classname="LoginTest"/>
  <testcase name="TC04_login_Invalid_User_Pass" time="0.716" classname="LoginTest"/>
  <testcase name="TC05_login_Invalid_Format" time="0.721" classname="LoginTest"/>
  <testcase name="TC06_login_Pwd_lessthan_5" time="0.665" classname="LoginTest"/>
  <testcase name="TC07_login_Invalid_Phone_Pwd_lessthan_5" time="0.718" classname="LoginTest"/>
  <testcase name="TC08_login_Empty" time="9.167" classname="LoginTest"/>
  <testcase name="TC09_login_Facebook" time="24.479" classname="LoginTest"/>
</testsuite>
